[LOG] 2026-07-02 12:37:30 [INFO] gateway_client.client: [COM6] 送出 PING，等待 BOOT 回應（最多 15.0s）...
[UART] 2026-07-02 12:37:30 [DEBUG] gateway_client.client: [COM6] TX: PING;
[UART] 2026-07-02 12:37:30 [DEBUG] gateway_client.client: [COM6] RX: BOOT:HAS_LIST,count=3;
[LOG] 2026-07-02 12:37:30 [INFO] gateway_client.client: [COM6] BOOT: has_list=True, count=3
[UART] 2026-07-02 12:37:31 [DEBUG] gateway_client.client: [COM6] RX: FTMS:ED:6D:3F:20:DD:17,BIKE,{"rssi":-62,"instantaneous_speed":24.46,"total_distance":41040,"instantaneous_power":127,"total_energy":798};
[UART] 2026-07-02 12:37:31 [DEBUG] gateway_client.client: [COM6] RX: FTMS:DB:CC:94:1B:57:20,BIKE,{"rssi":-68,"instantaneous_speed":31.97,"total_distance":48358,"instantaneous_power":189,"total_energy":1022};
[UART] 2026-07-02 12:37:31 [DEBUG] gateway_client.client: [COM6] RX: FTMS:FB:95:D6:10:11:83,BIKE,{"rssi":-61,"instantaneous_speed":34.28,"total_distance":51666,"instantaneous_power":207,"total_energy":1124};
[UART] 2026-07-02 12:37:32 [DEBUG] gateway_client.client: [COM6] RX: FTMS:ED:6D:3F:20:DD:17,BIKE,{"rssi":-63,"instantaneous_speed":24.70,"total_distance":41047,"instantaneous_power":125,"total_energy":798};
[UART] 2026-07-02 12:37:32 [DEBUG] gateway_client.client: [COM6] RX: FTMS:DB:CC:94:1B:57:20,BIKE,{"rssi":-65,"instantaneous_speed":31.95,"total_distance":48367,"instantaneous_power":191,"total_energy":1022};
[UART] 2026-07-02 12:37:32 [DEBUG] gateway_client.client: [COM6] RX: FTMS:FB:95:D6:10:11:83,BIKE,{"rssi":-57,"instantaneous_speed":34.20,"total_distance":51675,"instantaneous_power":202,"total_energy":1124};
[UART] 2026-07-02 12:37:33 [DEBUG] gateway_client.client: [COM6] RX: FTMS:ED:6D:3F:20:DD:17,BIKE,{"rssi":-61,"instantaneous_speed":24.85,"total_distance":41054,"instantaneous_power":124,"total_energy":798};
[UART] 2026-07-02 12:37:33 [DEBUG] gateway_client.client: [COM6] RX: FTMS:DB:CC:94:1B:57:20,BIKE,{"rssi":-68,"instantaneous_speed":32.70,"total_distance":48376,"instantaneous_power":190,"total_energy":1023};
[UART] 2026-07-02 12:37:33 [DEBUG] gateway_client.client: [COM6] RX: FTMS:FB:95:D6:10:11:83,BIKE,{"rssi":-61,"instantaneous_speed":33.81,"total_distance":51684,"instantaneous_power":199,"total_energy":1125};
[UART] 2026-07-02 12:37:34 [DEBUG] gateway_client.client: [COM6] RX: FTMS:ED:6D:3F:20:DD:17,BIKE,{"rssi":-67,"instantaneous_speed":24.80,"total_distance":41061,"instantaneous_power":128,"total_energy":798};
[UART] 2026-07-02 12:37:34 [DEBUG] gateway_client.client: [COM6] RX: FTMS:DB:CC:94:1B:57:20,BIKE,{"rssi":-70,"instantaneous_speed":32.41,"total_distance":48385,"instantaneous_power":190,"total_energy":1023};
[UART] 2026-07-02 12:37:34 [DEBUG] gateway_client.client: [COM6] RX: FTMS:FB:95:D6:10:11:83,BIKE,{"rssi":-59,"instantaneous_speed":33.59,"total_distance":51694,"instantaneous_power":202,"total_energy":1125};
[UART] 2026-07-02 12:37:35 [DEBUG] gateway_client.client: [COM6] RX: FTMS:ED:6D:3F:20:DD:17,BIKE,{"rssi":-64,"instantaneous_speed":25.74,"total_distance":41068,"instantaneous_power":133,"total_energy":798};
[UART] 2026-07-02 12:37:35 [DEBUG] gateway_client.client: [COM6] RX: FTMS:DB:CC:94:1B:57:20,BIKE,{"rssi":-72,"instantaneous_speed":32.28,"total_distance":48394,"instantaneous_power":190,"total_energy":1023};
[UART] 2026-07-02 12:37:35 [DEBUG] gateway_client.client: [COM6] RX: FTMS:FB:95:D6:10:11:83,BIKE,{"rssi":-62,"instantaneous_speed":31.88,"total_distance":51703,"instantaneous_power":191,"total_energy":1125};
[UART] 2026-07-02 12:37:36 [DEBUG] gateway_client.client: [COM6] RX: FTMS:ED:6D:3F:20:DD:17,BIKE,{"rssi":-64,"instantaneous_speed":25.76,"total_distance":41075,"instantaneous_power":138,"total_energy":799};
[UART] 2026-07-02 12:37:36 [DEBUG] gateway_client.client: [COM6] RX: FTMS:DB:CC:94:1B:57:20,BIKE,{"rssi":-77,"instantaneous_speed":32.76,"total_distance":48403,"instantaneous_power":196,"total_energy":1023};
[UART] 2026-07-02 12:37:36 [DEBUG] gateway_client.client: [COM6] RX: FTMS:FB:95:D6:10:11:83,BIKE,{"rssi":-59,"instantaneous_speed":32.87,"total_distance":51712,"instantaneous_power":190,"total_energy":1125};
[UART] 2026-07-02 12:37:37 [DEBUG] gateway_client.client: [COM6] RX: FTMS:ED:6D:3F:20:DD:17,BIKE,{"rssi":-62,"instantaneous_speed":26.30,"total_distance":41082,"instantaneous_power":142,"total_energy":799};
[UART] 2026-07-02 12:37:37 [DEBUG] gateway_client.client: [COM6] RX: FTMS:DB:CC:94:1B:57:20,BIKE,{"rssi":-82,"instantaneous_speed":33.79,"total_distance":48412,"instantaneous_power":200,"total_energy":1023};
[UART] 2026-07-02 12:37:37 [DEBUG] gateway_client.client: [COM6] RX: FTMS:FB:95:D6:10:11:83,BIKE,{"rssi":-59,"instantaneous_speed":32.19,"total_distance":51721,"instantaneous_power":187,"total_energy":1125};
[UART] 2026-07-02 12:37:38 [DEBUG] gateway_client.client: [COM6] RX: FTMS:ED:6D:3F:20:DD:17,BIKE,{"rssi":-62,"instantaneous_speed":27.01,"total_distance":41090,"instantaneous_power":146,"total_energy":799};
[UART] 2026-07-02 12:37:38 [DEBUG] gateway_client.client: [COM6] RX: FTMS:DB:CC:94:1B:57:20,BIKE,{"rssi":-67,"instantaneous_speed":33.12,"total_distance":48422,"instantaneous_power":200,"total_energy":1024};
[UART] 2026-07-02 12:37:38 [DEBUG] gateway_client.client: [COM6] RX: FTMS:FB:95:D6:10:11:83,BIKE,{"rssi":-57,"instantaneous_speed":30.50,"total_distance":51729,"instantaneous_power":178,"total_energy":1126};
[UART] 2026-07-02 12:37:39 [DEBUG] gateway_client.client: [COM6] RX: FTMS:ED:6D:3F:20:DD:17,BIKE,{"rssi":-61,"instantaneous_speed":27.76,"total_distance":41097,"instantaneous_power":148,"total_energy":799};
[UART] 2026-07-02 12:37:39 [DEBUG] gateway_client.client: [COM6] RX: FTMS:DB:CC:94:1B:57:20,BIKE,{"rssi":-65,"instantaneous_speed":33.24,"total_distance":48431,"instantaneous_power":199,"total_energy":1024};
[UART] 2026-07-02 12:37:39 [DEBUG] gateway_client.client: [COM6] RX: FTMS:FB:95:D6:10:11:83,BIKE,{"rssi":-62,"instantaneous_speed":30.53,"total_distance":51738,"instantaneous_power":171,"total_energy":1126};
[UART] 2026-07-02 12:37:40 [DEBUG] gateway_client.client: [COM6] RX: FTMS:ED:6D:3F:20:DD:17,BIKE,{"rssi":-63,"instantaneous_speed":27.85,"total_distance":41105,"instantaneous_power":148,"total_energy":799};
[UART] 2026-07-02 12:37:40 [DEBUG] gateway_client.client: [COM6] RX: FTMS:DB:CC:94:1B:57:20,BIKE,{"rssi":-70,"instantaneous_speed":33.04,"total_distance":48440,"instantaneous_power":201,"total_energy":1024};
[UART] 2026-07-02 12:37:40 [DEBUG] gateway_client.client: [COM6] RX: FTMS:FB:95:D6:10:11:83,BIKE,{"rssi":-57,"instantaneous_speed":31.07,"total_distance":51746,"instantaneous_power":175,"total_energy":1126};
[UART] 2026-07-02 12:37:41 [DEBUG] gateway_client.client: [COM6] RX: FTMS:ED:6D:3F:20:DD:17,BIKE,{"rssi":-65,"instantaneous_speed":27.27,"total_distance":41113,"instantaneous_power":143,"total_energy":799};
[UART] 2026-07-02 12:37:41 [DEBUG] gateway_client.client: [COM6] RX: FTMS:DB:CC:94:1B:57:20,BIKE,{"rssi":-68,"instantaneous_speed":33.71,"total_distance":48449,"instantaneous_power":196,"total_energy":1024};
[UART] 2026-07-02 12:37:41 [DEBUG] gateway_client.client: [COM6] RX: FTMS:FB:95:D6:10:11:83,BIKE,{"rssi":-61,"instantaneous_speed":31.27,"total_distance":51755,"instantaneous_power":186,"total_energy":1126};
[UART] 2026-07-02 12:37:42 [DEBUG] gateway_client.client: [COM6] RX: FTMS:ED:6D:3F:20:DD:17,BIKE,{"rssi":-58,"instantaneous_speed":26.53,"total_distance":41120,"instantaneous_power":139,"total_energy":799};
[UART] 2026-07-02 12:37:42 [DEBUG] gateway_client.client: [COM6] RX: FTMS:DB:CC:94:1B:57:20,BIKE,{"rssi":-71,"instantaneous_speed":32.09,"total_distance":48458,"instantaneous_power":192,"total_energy":1024};
[UART] 2026-07-02 12:37:42 [DEBUG] gateway_client.client: [COM6] RX: FTMS:FB:95:D6:10:11:83,BIKE,{"rssi":-63,"instantaneous_speed":31.98,"total_distance":51764,"instantaneous_power":185,"total_energy":1126};
[UART] 2026-07-02 12:37:43 [DEBUG] gateway_client.client: [COM6] RX: FTMS:ED:6D:3F:20:DD:17,BIKE,{"rssi":-61,"instantaneous_speed":26.59,"total_distance":41128,"instantaneous_power":144,"total_energy":800};
[UART] 2026-07-02 12:37:43 [DEBUG] gateway_client.client: [COM6] RX: FTMS:DB:CC:94:1B:57:20,BIKE,{"rssi":-72,"instantaneous_speed":32.64,"total_distance":48467,"instantaneous_power":187,"total_energy":1024};
[UART] 2026-07-02 12:37:43 [DEBUG] gateway_client.client: [COM6] RX: FTMS:FB:95:D6:10:11:83,BIKE,{"rssi":-62,"instantaneous_speed":33.55,"total_distance":51773,"instantaneous_power":196,"total_energy":1126};
[UART] 2026-07-02 12:37:44 [DEBUG] gateway_client.client: [COM6] RX: FTMS:ED:6D:3F:20:DD:17,BIKE,{"rssi":-63,"instantaneous_speed":27.42,"total_distance":41135,"instantaneous_power":144,"total_energy":800};
[UART] 2026-07-02 12:37:44 [DEBUG] gateway_client.client: [COM6] RX: FTMS:DB:CC:94:1B:57:20,BIKE,{"rssi":-73,"instantaneous_speed":31.68,"total_distance":48476,"instantaneous_power":187,"total_energy":1025};
[UART] 2026-07-02 12:37:44 [DEBUG] gateway_client.client: [COM6] RX: FTMS:FB:95:D6:10:11:83,BIKE,{"rssi":-62,"instantaneous_speed":32.86,"total_distance":51782,"instantaneous_power":198,"total_energy":1127};
[UART] 2026-07-02 12:37:45 [DEBUG] gateway_client.client: [COM6] RX: FTMS:ED:6D:3F:20:DD:17,BIKE,{"rssi":-65,"instantaneous_speed":26.95,"total_distance":41143,"instantaneous_power":145,"total_energy":800};
[UART] 2026-07-02 12:37:45 [DEBUG] gateway_client.client: [COM6] RX: FTMS:DB:CC:94:1B:57:20,BIKE,{"rssi":-69,"instantaneous_speed":32.05,"total_distance":48485,"instantaneous_power":188,"total_energy":1025};
[UART] 2026-07-02 12:37:45 [DEBUG] gateway_client.client: [COM6] RX: FTMS:FB:95:D6:10:11:83,BIKE,{"rssi":-62,"instantaneous_speed":33.36,"total_distance":51792,"instantaneous_power":198,"total_energy":1127};
[UART] 2026-07-02 12:37:46 [DEBUG] gateway_client.client: [COM6] RX: FTMS:ED:6D:3F:20:DD:17,BIKE,{"rssi":-62,"instantaneous_speed":27.70,"total_distance":41150,"instantaneous_power":147,"total_energy":800};
[UART] 2026-07-02 12:37:46 [DEBUG] gateway_client.client: [COM6] RX: FTMS:DB:CC:94:1B:57:20,BIKE,{"rssi":-68,"instantaneous_speed":33.05,"total_distance":48494,"instantaneous_power":191,"total_energy":1025};
[UART] 2026-07-02 12:37:46 [DEBUG] gateway_client.client: [COM6] RX: FTMS:FB:95:D6:10:11:83,BIKE,{"rssi":-59,"instantaneous_speed":32.52,"total_distance":51801,"instantaneous_power":192,"total_energy":1127};
[UART] 2026-07-02 12:37:47 [DEBUG] gateway_client.client: [COM6] RX: FTMS:ED:6D:3F:20:DD:17,BIKE,{"rssi":-61,"instantaneous_speed":27.49,"total_distance":41158,"instantaneous_power":152,"total_energy":800};
[UART] 2026-07-02 12:37:47 [DEBUG] gateway_client.client: [COM6] RX: FTMS:DB:CC:94:1B:57:20,BIKE,{"rssi":-68,"instantaneous_speed":32.33,"total_distance":48503,"instantaneous_power":185,"total_energy":1025};
[UART] 2026-07-02 12:37:47 [DEBUG] gateway_client.client: [COM6] RX: FTMS:FB:95:D6:10:11:83,BIKE,{"rssi":-56,"instantaneous_speed":31.01,"total_distance":51809,"instantaneous_power":184,"total_energy":1127};
[UART] 2026-07-02 12:37:48 [DEBUG] gateway_client.client: [COM6] RX: FTMS:ED:6D:3F:20:DD:17,BIKE,{"rssi":-61,"instantaneous_speed":28.65,"total_distance":41166,"instantaneous_power":155,"total_energy":800};
[UART] 2026-07-02 12:37:48 [DEBUG] gateway_client.client: [COM6] RX: FTMS:DB:CC:94:1B:57:20,BIKE,{"rssi":-67,"instantaneous_speed":31.65,"total_distance":48512,"instantaneous_power":186,"total_energy":1025};
[UART] 2026-07-02 12:37:48 [DEBUG] gateway_client.client: [COM6] RX: FTMS:FB:95:D6:10:11:83,BIKE,{"rssi":-64,"instantaneous_speed":32.15,"total_distance":51818,"instantaneous_power":184,"total_energy":1127};
[UART] 2026-07-02 12:37:49 [DEBUG] gateway_client.client: [COM6] RX: FTMS:ED:6D:3F:20:DD:17,BIKE,{"rssi":-62,"instantaneous_speed":27.73,"total_distance":41174,"instantaneous_power":151,"total_energy":800};
[UART] 2026-07-02 12:37:49 [DEBUG] gateway_client.client: [COM6] RX: FTMS:DB:CC:94:1B:57:20,BIKE,{"rssi":-71,"instantaneous_speed":31.29,"total_distance":48521,"instantaneous_power":184,"total_energy":1026};
[UART] 2026-07-02 12:37:49 [DEBUG] gateway_client.client: [COM6] RX: FTMS:FB:95:D6:10:11:83,BIKE,{"rssi":-60,"instantaneous_speed":32.48,"total_distance":51827,"instantaneous_power":186,"total_energy":1128};
[UART] 2026-07-02 12:37:50 [DEBUG] gateway_client.client: [COM6] RX: FTMS:ED:6D:3F:20:DD:17,BIKE,{"rssi":-70,"instantaneous_speed":27.84,"total_distance":41181,"instantaneous_power":151,"total_energy":801};
[UART] 2026-07-02 12:37:50 [DEBUG] gateway_client.client: [COM6] RX: FTMS:DB:CC:94:1B:57:20,BIKE,{"rssi":-67,"instantaneous_speed":32.74,"total_distance":48530,"instantaneous_power":190,"total_energy":1026};
[UART] 2026-07-02 12:37:50 [DEBUG] gateway_client.client: [COM6] RX: FTMS:FB:95:D6:10:11:83,BIKE,{"rssi":-62,"instantaneous_speed":31.95,"total_distance":51836,"instantaneous_power":191,"total_energy":1128};
[UART] 2026-07-02 12:37:51 [DEBUG] gateway_client.client: [COM6] RX: FTMS:ED:6D:3F:20:DD:17,BIKE,{"rssi":-61,"instantaneous_speed":28.20,"total_distance":41189,"instantaneous_power":150,"total_energy":801};
[UART] 2026-07-02 12:37:51 [DEBUG] gateway_client.client: [COM6] RX: FTMS:DB:CC:94:1B:57:20,BIKE,{"rssi":-67,"instantaneous_speed":32.74,"total_distance":48539,"instantaneous_power":190,"total_energy":1026};
[UART] 2026-07-02 12:37:51 [DEBUG] gateway_client.client: [COM6] RX: FTMS:FB:95:D6:10:11:83,BIKE,{"rssi":-56,"instantaneous_speed":32.96,"total_distance":51845,"instantaneous_power":198,"total_energy":1128};
[UART] 2026-07-02 12:37:52 [DEBUG] gateway_client.client: [COM6] RX: FTMS:ED:6D:3F:20:DD:17,BIKE,{"rssi":-61,"instantaneous_speed":28.43,"total_distance":41197,"instantaneous_power":152,"total_energy":801};
[UART] 2026-07-02 12:37:52 [DEBUG] gateway_client.client: [COM6] RX: FTMS:DB:CC:94:1B:57:20,BIKE,{"rssi":-71,"instantaneous_speed":31.58,"total_distance":48548,"instantaneous_power":187,"total_energy":1026};
[UART] 2026-07-02 12:37:52 [DEBUG] gateway_client.client: [COM6] RX: FTMS:FB:95:D6:10:11:83,BIKE,{"rssi":-59,"instantaneous_speed":34.91,"total_distance":51855,"instantaneous_power":206,"total_energy":1128};
[UART] 2026-07-02 12:37:53 [DEBUG] gateway_client.client: [COM6] RX: FTMS:ED:6D:3F:20:DD:17,BIKE,{"rssi":-60,"instantaneous_speed":27.28,"total_distance":41205,"instantaneous_power":149,"total_energy":801};
[UART] 2026-07-02 12:37:53 [DEBUG] gateway_client.client: [COM6] RX: FTMS:DB:CC:94:1B:57:20,BIKE,{"rssi":-70,"instantaneous_speed":32.16,"total_distance":48557,"instantaneous_power":187,"total_energy":1026};
[UART] 2026-07-02 12:37:53 [DEBUG] gateway_client.client: [COM6] RX: FTMS:FB:95:D6:10:11:83,BIKE,{"rssi":-56,"instantaneous_speed":34.16,"total_distance":51864,"instantaneous_power":211,"total_energy":1128};
[UART] 2026-07-02 12:37:54 [DEBUG] gateway_client.client: [COM6] RX: FTMS:ED:6D:3F:20:DD:17,BIKE,{"rssi":-63,"instantaneous_speed":27.75,"total_distance":41212,"instantaneous_power":147,"total_energy":801};
[UART] 2026-07-02 12:37:54 [DEBUG] gateway_client.client: [COM6] RX: FTMS:DB:CC:94:1B:57:20,BIKE,{"rssi":-70,"instantaneous_speed":30.87,"total_distance":48565,"instantaneous_power":182,"total_energy":1027};
[UART] 2026-07-02 12:37:54 [DEBUG] gateway_client.client: [COM6] RX: FTMS:FB:95:D6:10:11:83,BIKE,{"rssi":-57,"instantaneous_speed":35.79,"total_distance":51874,"instantaneous_power":222,"total_energy":1129};
[UART] 2026-07-02 12:37:55 [DEBUG] gateway_client.client: [COM6] RX: FTMS:ED:6D:3F:20:DD:17,BIKE,{"rssi":-61,"instantaneous_speed":26.66,"total_distance":41220,"instantaneous_power":143,"total_energy":801};
[UART] 2026-07-02 12:37:55 [DEBUG] gateway_client.client: [COM6] RX: FTMS:DB:CC:94:1B:57:20,BIKE,{"rssi":-65,"instantaneous_speed":31.12,"total_distance":48574,"instantaneous_power":182,"total_energy":1027};
[UART] 2026-07-02 12:37:55 [DEBUG] gateway_client.client: [COM6] RX: FTMS:FB:95:D6:10:11:83,BIKE,{"rssi":-63,"instantaneous_speed":37.02,"total_distance":51885,"instantaneous_power":231,"total_energy":1129};
[UART] 2026-07-02 12:37:56 [DEBUG] gateway_client.client: [COM6] RX: FTMS:ED:6D:3F:20:DD:17,BIKE,{"rssi":-62,"instantaneous_speed":27.01,"total_distance":41227,"instantaneous_power":143,"total_energy":801};
[UART] 2026-07-02 12:37:56 [DEBUG] gateway_client.client: [COM6] RX: FTMS:DB:CC:94:1B:57:20,BIKE,{"rssi":-71,"instantaneous_speed":31.97,"total_distance":48583,"instantaneous_power":183,"total_energy":1027};
[UART] 2026-07-02 12:37:56 [DEBUG] gateway_client.client: [COM6] RX: FTMS:FB:95:D6:10:11:83,BIKE,{"rssi":-57,"instantaneous_speed":38.28,"total_distance":51895,"instantaneous_power":234,"total_energy":1129};
[UART] 2026-07-02 12:37:57 [DEBUG] gateway_client.client: [COM6] RX: FTMS:ED:6D:3F:20:DD:17,BIKE,{"rssi":-67,"instantaneous_speed":26.57,"total_distance":41235,"instantaneous_power":145,"total_energy":802};
[UART] 2026-07-02 12:37:57 [DEBUG] gateway_client.client: [COM6] RX: FTMS:DB:CC:94:1B:57:20,BIKE,{"rssi":-68,"instantaneous_speed":31.72,"total_distance":48591,"instantaneous_power":182,"total_energy":1027};
[UART] 2026-07-02 12:37:57 [DEBUG] gateway_client.client: [COM6] RX: FTMS:FB:95:D6:10:11:83,BIKE,{"rssi":-58,"instantaneous_speed":38.24,"total_distance":51906,"instantaneous_power":244,"total_energy":1129};
[UART] 2026-07-02 12:37:58 [DEBUG] gateway_client.client: [COM6] RX: FTMS:ED:6D:3F:20:DD:17,BIKE,{"rssi":-62,"instantaneous_speed":28.00,"total_distance":41242,"instantaneous_power":150,"total_energy":802};
[UART] 2026-07-02 12:37:58 [DEBUG] gateway_client.client: [COM6] RX: FTMS:DB:CC:94:1B:57:20,BIKE,{"rssi":-70,"instantaneous_speed":30.36,"total_distance":48600,"instantaneous_power":177,"total_energy":1027};
[UART] 2026-07-02 12:37:58 [DEBUG] gateway_client.client: [COM6] RX: FTMS:FB:95:D6:10:11:83,BIKE,{"rssi":-61,"instantaneous_speed":39.24,"total_distance":51917,"instantaneous_power":255,"total_energy":1130};
[UART] 2026-07-02 12:37:59 [DEBUG] gateway_client.client: [COM6] RX: FTMS:ED:6D:3F:20:DD:17,BIKE,{"rssi":-62,"instantaneous_speed":27.67,"total_distance":41250,"instantaneous_power":150,"total_energy":802};
[UART] 2026-07-02 12:37:59 [DEBUG] gateway_client.client: [COM6] RX: FTMS:DB:CC:94:1B:57:20,BIKE,{"rssi":-68,"instantaneous_speed":30.24,"total_distance":48608,"instantaneous_power":176,"total_energy":1027};
[UART] 2026-07-02 12:37:59 [DEBUG] gateway_client.client: [COM6] RX: FTMS:FB:95:D6:10:11:83,BIKE,{"rssi":-58,"instantaneous_speed":40.91,"total_distance":51928,"instantaneous_power":260,"total_energy":1130};
[UART] 2026-07-02 12:38:00 [DEBUG] gateway_client.client: [COM6] RX: FTMS:ED:6D:3F:20:DD:17,BIKE,{"rssi":-65,"instantaneous_speed":27.58,"total_distance":41258,"instantaneous_power":153,"total_energy":802};
[UART] 2026-07-02 12:38:00 [DEBUG] gateway_client.client: [COM6] RX: FTMS:DB:CC:94:1B:57:20,BIKE,{"rssi":-70,"instantaneous_speed":30.41,"total_distance":48617,"instantaneous_power":173,"total_energy":1028};
[UART] 2026-07-02 12:38:00 [DEBUG] gateway_client.client: [COM6] RX: FTMS:FB:95:D6:10:11:83,BIKE,{"rssi":-62,"instantaneous_speed":41.43,"total_distance":51940,"instantaneous_power":262,"total_energy":1130};
[UART] 2026-07-02 12:38:01 [DEBUG] gateway_client.client: [COM6] RX: FTMS:ED:6D:3F:20:DD:17,BIKE,{"rssi":-62,"instantaneous_speed":28.64,"total_distance":41266,"instantaneous_power":158,"total_energy":802};
[UART] 2026-07-02 12:38:01 [DEBUG] gateway_client.client: [COM6] RX: FTMS:DB:CC:94:1B:57:20,BIKE,{"rssi":-69,"instantaneous_speed":29.94,"total_distance":48625,"instantaneous_power":168,"total_energy":1028};
[UART] 2026-07-02 12:38:01 [DEBUG] gateway_client.client: [COM6] RX: FTMS:FB:95:D6:10:11:83,BIKE,{"rssi":-61,"instantaneous_speed":40.83,"total_distance":51951,"instantaneous_power":258,"total_energy":1130};
[UART] 2026-07-02 12:38:02 [DEBUG] gateway_client.client: [COM6] RX: FTMS:ED:6D:3F:20:DD:17,BIKE,{"rssi":-65,"instantaneous_speed":29.52,"total_distance":41274,"instantaneous_power":163,"total_energy":802};
[UART] 2026-07-02 12:38:02 [DEBUG] gateway_client.client: [COM6] RX: FTMS:DB:CC:94:1B:57:20,BIKE,{"rssi":-68,"instantaneous_speed":30.11,"total_distance":48633,"instantaneous_power":172,"total_energy":1028};
[UART] 2026-07-02 12:38:02 [DEBUG] gateway_client.client: [COM6] RX: FTMS:FB:95:D6:10:11:83,BIKE,{"rssi":-56,"instantaneous_speed":39.05,"total_distance":51962,"instantaneous_power":252,"total_energy":1131};
[UART] 2026-07-02 12:38:03 [DEBUG] gateway_client.client: [COM6] RX: FTMS:ED:6D:3F:20:DD:17,BIKE,{"rssi":-69,"instantaneous_speed":29.61,"total_distance":41282,"instantaneous_power":164,"total_energy":803};
[UART] 2026-07-02 12:38:03 [DEBUG] gateway_client.client: [COM6] RX: FTMS:DB:CC:94:1B:57:20,BIKE,{"rssi":-69,"instantaneous_speed":30.24,"total_distance":48642,"instantaneous_power":170,"total_energy":1028};
[UART] 2026-07-02 12:38:03 [DEBUG] gateway_client.client: [COM6] RX: FTMS:FB:95:D6:10:11:83,BIKE,{"rssi":-59,"instantaneous_speed":38.23,"total_distance":51972,"instantaneous_power":241,"total_energy":1131};
[UART] 2026-07-02 12:38:04 [DEBUG] gateway_client.client: [COM6] RX: FTMS:ED:6D:3F:20:DD:17,BIKE,{"rssi":-68,"instantaneous_speed":29.00,"total_distance":41290,"instantaneous_power":165,"total_energy":803};
[UART] 2026-07-02 12:38:04 [DEBUG] gateway_client.client: [COM6] RX: FTMS:DB:CC:94:1B:57:20,BIKE,{"rssi":-68,"instantaneous_speed":31.01,"total_distance":48650,"instantaneous_power":174,"total_energy":1028};
[UART] 2026-07-02 12:38:04 [DEBUG] gateway_client.client: [COM6] RX: FTMS:FB:95:D6:10:11:83,BIKE,{"rssi":-57,"instantaneous_speed":37.05,"total_distance":51983,"instantaneous_power":230,"total_energy":1131};
[UART] 2026-07-02 12:38:05 [DEBUG] gateway_client.client: [COM6] RX: FTMS:ED:6D:3F:20:DD:17,BIKE,{"rssi":-62,"instantaneous_speed":29.00,"total_distance":41298,"instantaneous_power":164,"total_energy":803};
[UART] 2026-07-02 12:38:05 [DEBUG] gateway_client.client: [COM6] RX: FTMS:DB:CC:94:1B:57:20,BIKE,{"rssi":-70,"instantaneous_speed":30.77,"total_distance":48659,"instantaneous_power":172,"total_energy":1028};
[UART] 2026-07-02 12:38:05 [DEBUG] gateway_client.client: [COM6] RX: FTMS:FB:95:D6:10:11:83,BIKE,{"rssi":-57,"instantaneous_speed":36.41,"total_distance":51993,"instantaneous_power":228,"total_energy":1131};
[UART] 2026-07-02 12:38:06 [DEBUG] gateway_client.client: [COM6] RX: FTMS:ED:6D:3F:20:DD:17,BIKE,{"rssi":-72,"instantaneous_speed":29.52,"total_distance":41307,"instantaneous_power":165,"total_energy":803};
[UART] 2026-07-02 12:38:06 [DEBUG] gateway_client.client: [COM6] RX: FTMS:DB:CC:94:1B:57:20,BIKE,{"rssi":-68,"instantaneous_speed":29.26,"total_distance":48667,"instantaneous_power":167,"total_energy":1029};
[UART] 2026-07-02 12:38:06 [DEBUG] gateway_client.client: [COM6] RX: FTMS:FB:95:D6:10:11:83,BIKE,{"rssi":-58,"instantaneous_speed":36.55,"total_distance":52003,"instantaneous_power":222,"total_energy":1132};
[UART] 2026-07-02 12:38:07 [DEBUG] gateway_client.client: [COM6] RX: FTMS:ED:6D:3F:20:DD:17,BIKE,{"rssi":-68,"instantaneous_speed":29.37,"total_distance":41315,"instantaneous_power":169,"total_energy":803};
[UART] 2026-07-02 12:38:07 [DEBUG] gateway_client.client: [COM6] RX: FTMS:DB:CC:94:1B:57:20,BIKE,{"rssi":-68,"instantaneous_speed":29.58,"total_distance":48675,"instantaneous_power":162,"total_energy":1029};
[UART] 2026-07-02 12:38:07 [DEBUG] gateway_client.client: [COM6] RX: FTMS:FB:95:D6:10:11:83,BIKE,{"rssi":-57,"instantaneous_speed":34.22,"total_distance":52012,"instantaneous_power":210,"total_energy":1132};
[UART] 2026-07-02 12:38:08 [DEBUG] gateway_client.client: [COM6] RX: FTMS:ED:6D:3F:20:DD:17,BIKE,{"rssi":-67,"instantaneous_speed":30.04,"total_distance":41323,"instantaneous_power":174,"total_energy":803};
[UART] 2026-07-02 12:38:08 [DEBUG] gateway_client.client: [COM6] RX: FTMS:DB:CC:94:1B:57:20,BIKE,{"rssi":-69,"instantaneous_speed":29.91,"total_distance":48684,"instantaneous_power":165,"total_energy":1029};
[UART] 2026-07-02 12:38:08 [DEBUG] gateway_client.client: [COM6] RX: FTMS:FB:95:D6:10:11:83,BIKE,{"rssi":-61,"instantaneous_speed":34.91,"total_distance":52022,"instantaneous_power":213,"total_energy":1132};
[UART] 2026-07-02 12:38:09 [DEBUG] gateway_client.client: [COM6] RX: FTMS:ED:6D:3F:20:DD:17,BIKE,{"rssi":-68,"instantaneous_speed":30.23,"total_distance":41331,"instantaneous_power":172,"total_energy":804};
[UART] 2026-07-02 12:38:09 [DEBUG] gateway_client.client: [COM6] RX: FTMS:DB:CC:94:1B:57:20,BIKE,{"rssi":-70,"instantaneous_speed":29.11,"total_distance":48692,"instantaneous_power":164,"total_energy":1029};
[UART] 2026-07-02 12:38:09 [DEBUG] gateway_client.client: [COM6] RX: FTMS:FB:95:D6:10:11:83,BIKE,{"rssi":-60,"instantaneous_speed":35.94,"total_distance":52032,"instantaneous_power":219,"total_energy":1132};
[UART] 2026-07-02 12:38:10 [DEBUG] gateway_client.client: [COM6] RX: FTMS:ED:6D:3F:20:DD:17,BIKE,{"rssi":-70,"instantaneous_speed":30.92,"total_distance":41340,"instantaneous_power":173,"total_energy":804};
[UART] 2026-07-02 12:38:10 [DEBUG] gateway_client.client: [COM6] RX: FTMS:DB:CC:94:1B:57:20,BIKE,{"rssi":-69,"instantaneous_speed":28.70,"total_distance":48700,"instantaneous_power":163,"total_energy":1029};
[UART] 2026-07-02 12:38:10 [DEBUG] gateway_client.client: [COM6] RX: FTMS:FB:95:D6:10:11:83,BIKE,{"rssi":-58,"instantaneous_speed":36.28,"total_distance":52042,"instantaneous_power":225,"total_energy":1132};
[UART] 2026-07-02 12:38:11 [DEBUG] gateway_client.client: [COM6] RX: FTMS:ED:6D:3F:20:DD:17,BIKE,{"rssi":-58,"instantaneous_speed":30.44,"total_distance":41348,"instantaneous_power":172,"total_energy":804};
[UART] 2026-07-02 12:38:11 [DEBUG] gateway_client.client: [COM6] RX: FTMS:DB:CC:94:1B:57:20,BIKE,{"rssi":-71,"instantaneous_speed":29.52,"total_distance":48708,"instantaneous_power":164,"total_energy":1029};
[UART] 2026-07-02 12:38:11 [DEBUG] gateway_client.client: [COM6] RX: FTMS:FB:95:D6:10:11:83,BIKE,{"rssi":-57,"instantaneous_speed":36.85,"total_distance":52052,"instantaneous_power":233,"total_energy":1133};
[UART] 2026-07-02 12:38:12 [DEBUG] gateway_client.client: [COM6] RX: FTMS:ED:6D:3F:20:DD:17,BIKE,{"rssi":-65,"instantaneous_speed":29.40,"total_distance":41357,"instantaneous_power":170,"total_energy":804};
[UART] 2026-07-02 12:38:12 [DEBUG] gateway_client.client: [COM6] RX: FTMS:DB:CC:94:1B:57:20,BIKE,{"rssi":-70,"instantaneous_speed":28.42,"total_distance":48716,"instantaneous_power":160,"total_energy":1030};
[UART] 2026-07-02 12:38:12 [DEBUG] gateway_client.client: [COM6] RX: FTMS:FB:95:D6:10:11:83,BIKE,{"rssi":-59,"instantaneous_speed":37.06,"total_distance":52063,"instantaneous_power":226,"total_energy":1133};
[UART] 2026-07-02 12:38:13 [DEBUG] gateway_client.client: [COM6] RX: FTMS:ED:6D:3F:20:DD:17,BIKE,{"rssi":-63,"instantaneous_speed":29.05,"total_distance":41365,"instantaneous_power":166,"total_energy":804};
[UART] 2026-07-02 12:38:13 [DEBUG] gateway_client.client: [COM6] RX: FTMS:DB:CC:94:1B:57:20,BIKE,{"rssi":-68,"instantaneous_speed":29.00,"total_distance":48724,"instantaneous_power":162,"total_energy":1030};
[UART] 2026-07-02 12:38:13 [DEBUG] gateway_client.client: [COM6] RX: FTMS:FB:95:D6:10:11:83,BIKE,{"rssi":-63,"instantaneous_speed":35.30,"total_distance":52073,"instantaneous_power":220,"total_energy":1133};
[UART] 2026-07-02 12:38:14 [DEBUG] gateway_client.client: [COM6] RX: FTMS:ED:6D:3F:20:DD:17,BIKE,{"rssi":-61,"instantaneous_speed":28.70,"total_distance":41373,"instantaneous_power":163,"total_energy":804};
[UART] 2026-07-02 12:38:14 [DEBUG] gateway_client.client: [COM6] RX: FTMS:DB:CC:94:1B:57:20,BIKE,{"rssi":-73,"instantaneous_speed":28.99,"total_distance":48732,"instantaneous_power":160,"total_energy":1030};
[UART] 2026-07-02 12:38:14 [DEBUG] gateway_client.client: [COM6] RX: FTMS:FB:95:D6:10:11:83,BIKE,{"rssi":-59,"instantaneous_speed":36.74,"total_distance":52083,"instantaneous_power":227,"total_energy":1133};
[UART] 2026-07-02 12:38:15 [DEBUG] gateway_client.client: [COM6] RX: FTMS:ED:6D:3F:20:DD:17,BIKE,{"rssi":-71,"instantaneous_speed":28.44,"total_distance":41381,"instantaneous_power":160,"total_energy":805};
[UART] 2026-07-02 12:38:15 [DEBUG] gateway_client.client: [COM6] RX: FTMS:DB:CC:94:1B:57:20,BIKE,{"rssi":-71,"instantaneous_speed":29.79,"total_distance":48740,"instantaneous_power":164,"total_energy":1030};
[UART] 2026-07-02 12:38:15 [DEBUG] gateway_client.client: [COM6] RX: FTMS:FB:95:D6:10:11:83,BIKE,{"rssi":-59,"instantaneous_speed":36.47,"total_distance":52093,"instantaneous_power":226,"total_energy":1134};
[UART] 2026-07-02 12:38:16 [DEBUG] gateway_client.client: [COM6] RX: FTMS:ED:6D:3F:20:DD:17,BIKE,{"rssi":-66,"instantaneous_speed":29.40,"total_distance":41389,"instantaneous_power":160,"total_energy":805};
[UART] 2026-07-02 12:38:16 [DEBUG] gateway_client.client: [COM6] RX: FTMS:DB:CC:94:1B:57:20,BIKE,{"rssi":-67,"instantaneous_speed":29.03,"total_distance":48748,"instantaneous_power":164,"total_energy":1030};
[UART] 2026-07-02 12:38:16 [DEBUG] gateway_client.client: [COM6] RX: FTMS:FB:95:D6:10:11:83,BIKE,{"rssi":-58,"instantaneous_speed":36.49,"total_distance":52103,"instantaneous_power":229,"total_energy":1134};
[UART] 2026-07-02 12:38:17 [DEBUG] gateway_client.client: [COM6] RX: FTMS:ED:6D:3F:20:DD:17,BIKE,{"rssi":-67,"instantaneous_speed":29.41,"total_distance":41397,"instantaneous_power":165,"total_energy":805};
[UART] 2026-07-02 12:38:17 [DEBUG] gateway_client.client: [COM6] RX: FTMS:DB:CC:94:1B:57:20,BIKE,{"rssi":-71,"instantaneous_speed":28.53,"total_distance":48756,"instantaneous_power":161,"total_energy":1030};
[UART] 2026-07-02 12:38:17 [DEBUG] gateway_client.client: [COM6] RX: FTMS:FB:95:D6:10:11:83,BIKE,{"rssi":-62,"instantaneous_speed":36.74,"total_distance":52113,"instantaneous_power":227,"total_energy":1134};
[UART] 2026-07-02 12:38:18 [DEBUG] gateway_client.client: [COM6] RX: FTMS:ED:6D:3F:20:DD:17,BIKE,{"rssi":-65,"instantaneous_speed":28.91,"total_distance":41405,"instantaneous_power":162,"total_energy":805};
[UART] 2026-07-02 12:38:18 [DEBUG] gateway_client.client: [COM6] RX: FTMS:DB:CC:94:1B:57:20,BIKE,{"rssi":-68,"instantaneous_speed":28.88,"total_distance":48764,"instantaneous_power":165,"total_energy":1031};
[UART] 2026-07-02 12:38:18 [DEBUG] gateway_client.client: [COM6] RX: FTMS:FB:95:D6:10:11:83,BIKE,{"rssi":-59,"instantaneous_speed":36.31,"total_distance":52123,"instantaneous_power":229,"total_energy":1134};
[UART] 2026-07-02 12:38:19 [DEBUG] gateway_client.client: [COM6] RX: FTMS:ED:6D:3F:20:DD:17,BIKE,{"rssi":-62,"instantaneous_speed":28.42,"total_distance":41413,"instantaneous_power":161,"total_energy":805};
[UART] 2026-07-02 12:38:19 [DEBUG] gateway_client.client: [COM6] RX: FTMS:DB:CC:94:1B:57:20,BIKE,{"rssi":-67,"instantaneous_speed":30.21,"total_distance":48773,"instantaneous_power":169,"total_energy":1031};
[UART] 2026-07-02 12:38:19 [DEBUG] gateway_client.client: [COM6] RX: FTMS:FB:95:D6:10:11:83,BIKE,{"rssi":-58,"instantaneous_speed":37.19,"total_distance":52134,"instantaneous_power":229,"total_energy":1134};
[UART] 2026-07-02 12:38:20 [DEBUG] gateway_client.client: [COM6] RX: FTMS:ED:6D:3F:20:DD:17,BIKE,{"rssi":-63,"instantaneous_speed":29.97,"total_distance":41421,"instantaneous_power":166,"total_energy":805};
[UART] 2026-07-02 12:38:20 [DEBUG] gateway_client.client: [COM6] RX: FTMS:DB:CC:94:1B:57:20,BIKE,{"rssi":-68,"instantaneous_speed":29.29,"total_distance":48781,"instantaneous_power":166,"total_energy":1031};
[UART] 2026-07-02 12:38:20 [DEBUG] gateway_client.client: [COM6] RX: FTMS:FB:95:D6:10:11:83,BIKE,{"rssi":-57,"instantaneous_speed":37.04,"total_distance":52144,"instantaneous_power":234,"total_energy":1135};
[UART] 2026-07-02 12:38:21 [DEBUG] gateway_client.client: [COM6] RX: FTMS:ED:6D:3F:20:DD:17,BIKE,{"rssi":-70,"instantaneous_speed":30.08,"total_distance":41430,"instantaneous_power":171,"total_energy":806};
[UART] 2026-07-02 12:38:21 [DEBUG] gateway_client.client: [COM6] RX: FTMS:DB:CC:94:1B:57:20,BIKE,{"rssi":-68,"instantaneous_speed":29.91,"total_distance":48789,"instantaneous_power":169,"total_energy":1031};
[UART] 2026-07-02 12:38:21 [DEBUG] gateway_client.client: [COM6] RX: FTMS:FB:95:D6:10:11:83,BIKE,{"rssi":-61,"instantaneous_speed":38.00,"total_distance":52155,"instantaneous_power":244,"total_energy":1135};
[UART] 2026-07-02 12:38:22 [DEBUG] gateway_client.client: [COM6] RX: FTMS:ED:6D:3F:20:DD:17,BIKE,{"rssi":-64,"instantaneous_speed":29.91,"total_distance":41438,"instantaneous_power":170,"total_energy":806};
[UART] 2026-07-02 12:38:22 [DEBUG] gateway_client.client: [COM6] RX: FTMS:DB:CC:94:1B:57:20,BIKE,{"rssi":-72,"instantaneous_speed":30.09,"total_distance":48797,"instantaneous_power":170,"total_energy":1031};
[UART] 2026-07-02 12:38:22 [DEBUG] gateway_client.client: [COM6] RX: FTMS:FB:95:D6:10:11:83,BIKE,{"rssi":-59,"instantaneous_speed":37.51,"total_distance":52165,"instantaneous_power":232,"total_energy":1135};
[UART] 2026-07-02 12:38:23 [DEBUG] gateway_client.client: [COM6] RX: FTMS:ED:6D:3F:20:DD:17,BIKE,{"rssi":-67,"instantaneous_speed":30.41,"total_distance":41446,"instantaneous_power":171,"total_energy":806};
[UART] 2026-07-02 12:38:23 [DEBUG] gateway_client.client: [COM6] RX: FTMS:DB:CC:94:1B:57:20,BIKE,{"rssi":-70,"instantaneous_speed":30.12,"total_distance":48806,"instantaneous_power":169,"total_energy":1031};
[UART] 2026-07-02 12:38:23 [DEBUG] gateway_client.client: [COM6] RX: FTMS:FB:95:D6:10:11:83,BIKE,{"rssi":-58,"instantaneous_speed":36.02,"total_distance":52175,"instantaneous_power":220,"total_energy":1135};
[UART] 2026-07-02 12:38:24 [DEBUG] gateway_client.client: [COM6] RX: FTMS:ED:6D:3F:20:DD:17,BIKE,{"rssi":-64,"instantaneous_speed":29.08,"total_distance":41454,"instantaneous_power":167,"total_energy":806};
[UART] 2026-07-02 12:38:24 [DEBUG] gateway_client.client: [COM6] RX: FTMS:DB:CC:94:1B:57:20,BIKE,{"rssi":-70,"instantaneous_speed":29.55,"total_distance":48814,"instantaneous_power":164,"total_energy":1032};
[UART] 2026-07-02 12:38:24 [DEBUG] gateway_client.client: [COM6] RX: FTMS:FB:95:D6:10:11:83,BIKE,{"rssi":-58,"instantaneous_speed":37.44,"total_distance":52185,"instantaneous_power":232,"total_energy":1136};
[UART] 2026-07-02 12:38:25 [DEBUG] gateway_client.client: [COM6] RX: FTMS:ED:6D:3F:20:DD:17,BIKE,{"rssi":-65,"instantaneous_speed":30.21,"total_distance":41463,"instantaneous_power":167,"total_energy":806};
[UART] 2026-07-02 12:38:25 [DEBUG] gateway_client.client: [COM6] RX: FTMS:DB:CC:94:1B:57:20,BIKE,{"rssi":-70,"instantaneous_speed":28.36,"total_distance":48822,"instantaneous_power":161,"total_energy":1032};
[UART] 2026-07-02 12:38:25 [DEBUG] gateway_client.client: [COM6] RX: FTMS:FB:95:D6:10:11:83,BIKE,{"rssi":-58,"instantaneous_speed":38.09,"total_distance":52196,"instantaneous_power":235,"total_energy":1136};
[UART] 2026-07-02 12:38:26 [DEBUG] gateway_client.client: [COM6] RX: FTMS:ED:6D:3F:20:DD:17,BIKE,{"rssi":-62,"instantaneous_speed":29.72,"total_distance":41471,"instantaneous_power":171,"total_energy":806};
[UART] 2026-07-02 12:38:26 [DEBUG] gateway_client.client: [COM6] RX: FTMS:DB:CC:94:1B:57:20,BIKE,{"rssi":-72,"instantaneous_speed":28.70,"total_distance":48830,"instantaneous_power":160,"total_energy":1032};
[UART] 2026-07-02 12:38:26 [DEBUG] gateway_client.client: [COM6] RX: FTMS:FB:95:D6:10:11:83,BIKE,{"rssi":-58,"instantaneous_speed":37.19,"total_distance":52206,"instantaneous_power":236,"total_energy":1136};
[UART] 2026-07-02 12:38:27 [DEBUG] gateway_client.client: [COM6] RX: FTMS:ED:6D:3F:20:DD:17,BIKE,{"rssi":-63,"instantaneous_speed":30.00,"total_distance":41479,"instantaneous_power":166,"total_energy":807};
[UART] 2026-07-02 12:38:27 [DEBUG] gateway_client.client: [COM6] RX: FTMS:DB:CC:94:1B:57:20,BIKE,{"rssi":-70,"instantaneous_speed":28.88,"total_distance":48838,"instantaneous_power":160,"total_energy":1032};
[UART] 2026-07-02 12:38:27 [DEBUG] gateway_client.client: [COM6] RX: FTMS:FB:95:D6:10:11:83,BIKE,{"rssi":-63,"instantaneous_speed":37.62,"total_distance":52217,"instantaneous_power":231,"total_energy":1136};
[UART] 2026-07-02 12:38:28 [DEBUG] gateway_client.client: [COM6] RX: FTMS:ED:6D:3F:20:DD:17,BIKE,{"rssi":-65,"instantaneous_speed":29.55,"total_distance":41488,"instantaneous_power":166,"total_energy":807};
[UART] 2026-07-02 12:38:28 [DEBUG] gateway_client.client: [COM6] RX: FTMS:DB:CC:94:1B:57:20,BIKE,{"rssi":-71,"instantaneous_speed":29.17,"total_distance":48846,"instantaneous_power":164,"total_energy":1032};
[UART] 2026-07-02 12:38:28 [DEBUG] gateway_client.client: [COM6] RX: FTMS:FB:95:D6:10:11:83,BIKE,{"rssi":-59,"instantaneous_speed":36.30,"total_distance":52227,"instantaneous_power":227,"total_energy":1137};
[UART] 2026-07-02 12:38:29 [DEBUG] gateway_client.client: [COM6] RX: FTMS:ED:6D:3F:20:DD:17,BIKE,{"rssi":-69,"instantaneous_speed":28.59,"total_distance":41496,"instantaneous_power":162,"total_energy":807};
[UART] 2026-07-02 12:38:29 [DEBUG] gateway_client.client: [COM6] RX: FTMS:DB:CC:94:1B:57:20,BIKE,{"rssi":-70,"instantaneous_speed":29.29,"total_distance":48854,"instantaneous_power":165,"total_energy":1032};
[UART] 2026-07-02 12:38:29 [DEBUG] gateway_client.client: [COM6] RX: FTMS:FB:95:D6:10:11:83,BIKE,{"rssi":-58,"instantaneous_speed":37.40,"total_distance":52237,"instantaneous_power":232,"total_energy":1137};
[UART] 2026-07-02 12:38:30 [DEBUG] gateway_client.client: [COM6] RX: FTMS:ED:6D:3F:20:DD:17,BIKE,{"rssi":-69,"instantaneous_speed":28.59,"total_distance":41503,"instantaneous_power":159,"total_energy":807};
[UART] 2026-07-02 12:38:30 [DEBUG] gateway_client.client: [COM6] RX: FTMS:DB:CC:94:1B:57:20,BIKE,{"rssi":-71,"instantaneous_speed":29.22,"total_distance":48862,"instantaneous_power":168,"total_energy":1033};
[UART] 2026-07-02 12:38:30 [DEBUG] gateway_client.client: [COM6] RX: FTMS:FB:95:D6:10:11:83,BIKE,{"rssi":-58,"instantaneous_speed":36.00,"total_distance":52247,"instantaneous_power":222,"total_energy":1137};
[UART] 2026-07-02 12:38:31 [DEBUG] gateway_client.client: [COM6] RX: FTMS:ED:6D:3F:20:DD:17,BIKE,{"rssi":-61,"instantaneous_speed":28.70,"total_distance":41511,"instantaneous_power":158,"total_energy":807};
[UART] 2026-07-02 12:38:31 [DEBUG] gateway_client.client: [COM6] RX: FTMS:DB:CC:94:1B:57:20,BIKE,{"rssi":-71,"instantaneous_speed":29.40,"total_distance":48870,"instantaneous_power":170,"total_energy":1033};
[UART] 2026-07-02 12:38:31 [DEBUG] gateway_client.client: [COM6] RX: FTMS:FB:95:D6:10:11:83,BIKE,{"rssi":-59,"instantaneous_speed":34.81,"total_distance":52257,"instantaneous_power":213,"total_energy":1137};
[UART] 2026-07-02 12:38:32 [DEBUG] gateway_client.client: [COM6] RX: FTMS:ED:6D:3F:20:DD:17,BIKE,{"rssi":-64,"instantaneous_speed":29.22,"total_distance":41520,"instantaneous_power":160,"total_energy":807};
[UART] 2026-07-02 12:38:32 [DEBUG] gateway_client.client: [COM6] RX: FTMS:DB:CC:94:1B:57:20,BIKE,{"rssi":-69,"instantaneous_speed":29.49,"total_distance":48879,"instantaneous_power":170,"total_energy":1033};
[UART] 2026-07-02 12:38:32 [DEBUG] gateway_client.client: [COM6] RX: FTMS:FB:95:D6:10:11:83,BIKE,{"rssi":-59,"instantaneous_speed":34.84,"total_distance":52267,"instantaneous_power":208,"total_energy":1137};
[UART] 2026-07-02 12:38:33 [DEBUG] gateway_client.client: [COM6] RX: FTMS:ED:6D:3F:20:DD:17,BIKE,{"rssi":-63,"instantaneous_speed":28.50,"total_distance":41527,"instantaneous_power":161,"total_energy":808};
[UART] 2026-07-02 12:38:33 [DEBUG] gateway_client.client: [COM6] RX: FTMS:DB:CC:94:1B:57:20,BIKE,{"rssi":-69,"instantaneous_speed":29.08,"total_distance":48887,"instantaneous_power":167,"total_energy":1033};
[UART] 2026-07-02 12:38:33 [DEBUG] gateway_client.client: [COM6] RX: FTMS:FB:95:D6:10:11:83,BIKE,{"rssi":-59,"instantaneous_speed":33.57,"total_distance":52276,"instantaneous_power":205,"total_energy":1138};
[UART] 2026-07-02 12:38:34 [DEBUG] gateway_client.client: [COM6] RX: FTMS:ED:6D:3F:20:DD:17,BIKE,{"rssi":-65,"instantaneous_speed":28.12,"total_distance":41535,"instantaneous_power":157,"total_energy":808};
[UART] 2026-07-02 12:38:34 [DEBUG] gateway_client.client: [COM6] RX: FTMS:DB:CC:94:1B:57:20,BIKE,{"rssi":-77,"instantaneous_speed":29.52,"total_distance":48895,"instantaneous_power":167,"total_energy":1033};
[UART] 2026-07-02 12:38:34 [DEBUG] gateway_client.client: [COM6] RX: FTMS:FB:95:D6:10:11:83,BIKE,{"rssi":-58,"instantaneous_speed":34.79,"total_distance":52286,"instantaneous_power":207,"total_energy":1138};
[UART] 2026-07-02 12:38:35 [DEBUG] gateway_client.client: [COM6] RX: FTMS:ED:6D:3F:20:DD:17,BIKE,{"rssi":-64,"instantaneous_speed":28.32,"total_distance":41543,"instantaneous_power":156,"total_energy":808};
[UART] 2026-07-02 12:38:35 [DEBUG] gateway_client.client: [COM6] RX: FTMS:DB:CC:94:1B:57:20,BIKE,{"rssi":-70,"instantaneous_speed":29.29,"total_distance":48903,"instantaneous_power":166,"total_energy":1033};
[UART] 2026-07-02 12:38:35 [DEBUG] gateway_client.client: [COM6] RX: FTMS:FB:95:D6:10:11:83,BIKE,{"rssi":-58,"instantaneous_speed":33.92,"total_distance":52295,"instantaneous_power":206,"total_energy":1138};
[UART] 2026-07-02 12:38:36 [DEBUG] gateway_client.client: [COM6] RX: FTMS:ED:6D:3F:20:DD:17,BIKE,{"rssi":-69,"instantaneous_speed":29.37,"total_distance":41551,"instantaneous_power":161,"total_energy":808};
[UART] 2026-07-02 12:38:36 [DEBUG] gateway_client.client: [COM6] RX: FTMS:DB:CC:94:1B:57:20,BIKE,{"rssi":-70,"instantaneous_speed":30.09,"total_distance":48911,"instantaneous_power":169,"total_energy":1034};
[UART] 2026-07-02 12:38:36 [DEBUG] gateway_client.client: [COM6] RX: FTMS:FB:95:D6:10:11:83,BIKE,{"rssi":-61,"instantaneous_speed":35.29,"total_distance":52305,"instantaneous_power":212,"total_energy":1138};
[UART] 2026-07-02 12:38:37 [DEBUG] gateway_client.client: [COM6] RX: FTMS:ED:6D:3F:20:DD:17,BIKE,{"rssi":-65,"instantaneous_speed":28.55,"total_distance":41559,"instantaneous_power":156,"total_energy":808};
[UART] 2026-07-02 12:38:37 [DEBUG] gateway_client.client: [COM6] RX: FTMS:DB:CC:94:1B:57:20,BIKE,{"rssi":-70,"instantaneous_speed":29.83,"total_distance":48920,"instantaneous_power":173,"total_energy":1034};
[UART] 2026-07-02 12:38:37 [DEBUG] gateway_client.client: [COM6] RX: FTMS:FB:95:D6:10:11:83,BIKE,{"rssi":-59,"instantaneous_speed":34.39,"total_distance":52314,"instantaneous_power":210,"total_energy":1138};
[UART] 2026-07-02 12:38:38 [DEBUG] gateway_client.client: [COM6] RX: FTMS:ED:6D:3F:20:DD:17,BIKE,{"rssi":-66,"instantaneous_speed":27.40,"total_distance":41567,"instantaneous_power":152,"total_energy":808};
[UART] 2026-07-02 12:38:38 [DEBUG] gateway_client.client: [COM6] RX: FTMS:DB:CC:94:1B:57:20,BIKE,{"rssi":-69,"instantaneous_speed":30.47,"total_distance":48928,"instantaneous_power":171,"total_energy":1034};
[UART] 2026-07-02 12:38:38 [DEBUG] gateway_client.client: [COM6] RX: FTMS:FB:95:D6:10:11:83,BIKE,{"rssi":-59,"instantaneous_speed":34.71,"total_distance":52324,"instantaneous_power":211,"total_energy":1139};
[UART] 2026-07-02 12:38:39 [DEBUG] gateway_client.client: [COM6] RX: FTMS:ED:6D:3F:20:DD:17,BIKE,{"rssi":-65,"instantaneous_speed":28.34,"total_distance":41575,"instantaneous_power":154,"total_energy":808};
[UART] 2026-07-02 12:38:39 [DEBUG] gateway_client.client: [COM6] RX: FTMS:DB:CC:94:1B:57:20,BIKE,{"rssi":-65,"instantaneous_speed":29.66,"total_distance":48936,"instantaneous_power":172,"total_energy":1034};
[UART] 2026-07-02 12:38:39 [DEBUG] gateway_client.client: [COM6] RX: FTMS:FB:95:D6:10:11:83,BIKE,{"rssi":-60,"instantaneous_speed":35.34,"total_distance":52334,"instantaneous_power":211,"total_energy":1139};
[UART] 2026-07-02 12:38:40 [DEBUG] gateway_client.client: [COM6] RX: FTMS:ED:6D:3F:20:DD:17,BIKE,{"rssi":-62,"instantaneous_speed":28.14,"total_distance":41583,"instantaneous_power":153,"total_energy":809};
[UART] 2026-07-02 12:38:40 [DEBUG] gateway_client.client: [COM6] RX: FTMS:DB:CC:94:1B:57:20,BIKE,{"rssi":-70,"instantaneous_speed":30.63,"total_distance":48945,"instantaneous_power":177,"total_energy":1034};
[UART] 2026-07-02 12:38:40 [DEBUG] gateway_client.client: [COM6] RX: FTMS:FB:95:D6:10:11:83,BIKE,{"rssi":-59,"instantaneous_speed":33.47,"total_distance":52343,"instantaneous_power":203,"total_energy":1139};
[UART] 2026-07-02 12:38:41 [DEBUG] gateway_client.client: [COM6] RX: FTMS:ED:6D:3F:20:DD:17,BIKE,{"rssi":-65,"instantaneous_speed":28.98,"total_distance":41591,"instantaneous_power":157,"total_energy":809};
[UART] 2026-07-02 12:38:41 [DEBUG] gateway_client.client: [COM6] RX: FTMS:DB:CC:94:1B:57:20,BIKE,{"rssi":-70,"instantaneous_speed":30.39,"total_distance":48953,"instantaneous_power":176,"total_energy":1034};
[UART] 2026-07-02 12:38:41 [DEBUG] gateway_client.client: [COM6] RX: FTMS:FB:95:D6:10:11:83,BIKE,{"rssi":-58,"instantaneous_speed":34.20,"total_distance":52353,"instantaneous_power":209,"total_energy":1139};
[UART] 2026-07-02 12:38:42 [DEBUG] gateway_client.client: [COM6] RX: FTMS:ED:6D:3F:20:DD:17,BIKE,{"rssi":-71,"instantaneous_speed":28.84,"total_distance":41599,"instantaneous_power":159,"total_energy":809};
[UART] 2026-07-02 12:38:42 [DEBUG] gateway_client.client: [COM6] RX: FTMS:DB:CC:94:1B:57:20,BIKE,{"rssi":-78,"instantaneous_speed":31.19,"total_distance":48962,"instantaneous_power":182,"total_energy":1035};
[UART] 2026-07-02 12:38:42 [DEBUG] gateway_client.client: [COM6] RX: FTMS:FB:95:D6:10:11:83,BIKE,{"rssi":-57,"instantaneous_speed":33.47,"total_distance":52362,"instantaneous_power":201,"total_energy":1139};
[UART] 2026-07-02 12:38:43 [DEBUG] gateway_client.client: [COM6] RX: FTMS:ED:6D:3F:20:DD:17,BIKE,{"rssi":-62,"instantaneous_speed":28.64,"total_distance":41607,"instantaneous_power":157,"total_energy":809};
[UART] 2026-07-02 12:38:43 [DEBUG] gateway_client.client: [COM6] RX: FTMS:DB:CC:94:1B:57:20,BIKE,{"rssi":-72,"instantaneous_speed":30.93,"total_distance":48971,"instantaneous_power":179,"total_energy":1035};
[UART] 2026-07-02 12:38:43 [DEBUG] gateway_client.client: [COM6] RX: FTMS:FB:95:D6:10:11:83,BIKE,{"rssi":-60,"instantaneous_speed":34.52,"total_distance":52372,"instantaneous_power":212,"total_energy":1140};
[UART] 2026-07-02 12:38:44 [DEBUG] gateway_client.client: [COM6] RX: FTMS:ED:6D:3F:20:DD:17,BIKE,{"rssi":-65,"instantaneous_speed":28.33,"total_distance":41614,"instantaneous_power":158,"total_energy":809};
[UART] 2026-07-02 12:38:44 [DEBUG] gateway_client.client: [COM6] RX: FTMS:DB:CC:94:1B:57:20,BIKE,{"rssi":-72,"instantaneous_speed":31.48,"total_distance":48979,"instantaneous_power":184,"total_energy":1035};
[UART] 2026-07-02 12:38:44 [DEBUG] gateway_client.client: [COM6] RX: FTMS:FB:95:D6:10:11:83,BIKE,{"rssi":-62,"instantaneous_speed":33.93,"total_distance":52381,"instantaneous_power":200,"total_energy":1140};
[UART] 2026-07-02 12:38:45 [DEBUG] gateway_client.client: [COM6] RX: FTMS:ED:6D:3F:20:DD:17,BIKE,{"rssi":-63,"instantaneous_speed":28.62,"total_distance":41622,"instantaneous_power":163,"total_energy":809};
[UART] 2026-07-02 12:38:45 [DEBUG] gateway_client.client: [COM6] RX: FTMS:DB:CC:94:1B:57:20,BIKE,{"rssi":-68,"instantaneous_speed":31.90,"total_distance":48988,"instantaneous_power":184,"total_energy":1035};
[UART] 2026-07-02 12:38:45 [DEBUG] gateway_client.client: [COM6] RX: FTMS:FB:95:D6:10:11:83,BIKE,{"rssi":-58,"instantaneous_speed":34.20,"total_distance":52390,"instantaneous_power":206,"total_energy":1140};
[UART] 2026-07-02 12:38:46 [DEBUG] gateway_client.client: [COM6] RX: FTMS:ED:6D:3F:20:DD:17,BIKE,{"rssi":-65,"instantaneous_speed":29.32,"total_distance":41631,"instantaneous_power":167,"total_energy":810};
[UART] 2026-07-02 12:38:46 [DEBUG] gateway_client.client: [COM6] RX: FTMS:DB:CC:94:1B:57:20,BIKE,{"rssi":-71,"instantaneous_speed":30.53,"total_distance":48997,"instantaneous_power":178,"total_energy":1035};
[UART] 2026-07-02 12:38:46 [DEBUG] gateway_client.client: [COM6] RX: FTMS:FB:95:D6:10:11:83,BIKE,{"rssi":-59,"instantaneous_speed":36.18,"total_distance":52400,"instantaneous_power":218,"total_energy":1140};
[LOG] 2026-07-02 12:38:47 [INFO] gateway_client.client: [COM6] 已關閉
